luke      login success                 Tue Feb 18 12:42:35 2020

luke      ls                            Tue Feb 18 12:42:43 2020

luke      pwd                           Tue Feb 18 12:42:54 2020

luke      download main.o               Tue Feb 18 12:43:05 2020

luke      upload client.o               Tue Feb 18 12:43:19 2020

luke      remove client.o               Tue Feb 18 12:43:39 2020

luke      over                          Tue Feb 18 12:43:50 2020

xiaoming  login fail                    Tue Feb 18 12:44:28 2020

xiaoming  login fail                    Tue Feb 18 12:45:01 2020

xiaoming  login success                 Tue Feb 18 12:45:10 2020

xiaoming  remove ./client.o             Tue Feb 18 12:45:26 2020

xiaoming  remove ./a.txt                Tue Feb 18 12:46:06 2020

xiaoming  ls                            Tue Feb 18 12:46:16 2020

xiaoming  ls                            Tue Feb 18 12:46:25 2020

          login fail                    Tue Feb 18 12:47:21 2020

luke      login success                 Tue Feb 18 12:47:50 2020

luke      upload a.txt                  Tue Feb 18 12:48:01 2020

luke      remove ./a.txt                Tue Feb 18 12:48:09 2020

          login fail                    Tue Feb 18 13:23:19 2020

luke      login success                 Tue Feb 18 13:24:17 2020

luke      download child.o              Tue Feb 18 13:24:32 2020

luke      upload a.txt                  Tue Feb 18 13:24:38 2020

luke      upload b.txt                  Tue Feb 18 13:24:45 2020

luke      login success                 Tue Feb 18 13:27:53 2020

luke      download 1.mp4                Tue Feb 18 13:28:05 2020

luke      over                          Tue Feb 18 13:29:05 2020

          login fail                    Tue Feb 18 13:31:46 2020

          login fail                    Tue Feb 18 13:31:47 2020

luke      login success                 Tue Feb 18 13:32:01 2020

luke      login success                 Tue Feb 18 13:32:10 2020

luke      download 1.mp4                Tue Feb 18 13:32:25 2020

luke      download 1.mp4                Tue Feb 18 13:32:25 2020

luke      login success                 Tue Feb 18 13:36:37 2020

luke      login success                 Tue Feb 18 13:37:25 2020

luke      login success                 Tue Feb 18 13:37:31 2020

luke      ls                            Tue Feb 18 13:37:37 2020

luke      ls                            Tue Feb 18 13:37:39 2020

luke      pwd                           Tue Feb 18 13:37:42 2020

luke      pwd                           Tue Feb 18 13:37:44 2020

luke      download 1.mp4                Tue Feb 18 13:38:04 2020

luke      download 1.mp4                Tue Feb 18 13:38:04 2020

luke      login success                 Tue Feb 18 13:43:19 2020

luke      login success                 Tue Feb 18 13:43:26 2020

luke      login success                 Tue Feb 18 13:44:00 2020

luke      login success                 Tue Feb 18 13:44:01 2020

luke      download 1.mp4                Tue Feb 18 13:44:19 2020

luke      download 1.mp4                Tue Feb 18 13:44:20 2020

luke      login success                 Tue Feb 18 16:01:25 2020

luke      download 1.mp4                Tue Feb 18 16:01:43 2020

luke      over                          Tue Feb 18 16:02:51 2020

luke      login success                 Tue Feb 18 16:03:36 2020

luke      download 1.mp4                Tue Feb 18 16:03:53 2020

luke      over                          Tue Feb 18 16:04:06 2020

luke      login success                 Tue Feb 18 16:06:11 2020

luke      download 1.mp4                Tue Feb 18 16:06:29 2020

luke      over                          Tue Feb 18 16:16:57 2020

luke      login success                 Tue Feb 18 16:48:07 2020

luke      download b.txt                Tue Feb 18 16:48:15 2020

luke      over                          Tue Feb 18 16:48:37 2020

luke      login success                 Tue Feb 18 16:50:49 2020

luke      download b.txt                Tue Feb 18 16:50:55 2020

luke      over                          Tue Feb 18 16:51:04 2020

luke      login success                 Tue Feb 18 16:54:27 2020

luke      download b.txt                Tue Feb 18 16:54:33 2020

luke      over                          Tue Feb 18 16:54:37 2020

b.txt     login fail                    Tue Feb 18 16:57:34 2020

luke      login success                 Tue Feb 18 16:57:56 2020

luke      download b.txt                Tue Feb 18 16:58:03 2020

luke      over                          Tue Feb 18 16:58:26 2020

luke      login success                 Tue Feb 18 17:00:28 2020

luke      download b.txt                Tue Feb 18 17:00:38 2020

luke      over                          Tue Feb 18 17:01:28 2020

luke      login success                 Tue Feb 18 17:02:25 2020

luke      login success                 Tue Feb 18 17:02:43 2020

luke      download b.txt                Tue Feb 18 17:02:49 2020

luke      over                          Tue Feb 18 17:03:00 2020

b.txt     login fail                    Tue Feb 18 17:06:34 2020

luke      login success                 Tue Feb 18 17:06:53 2020

luke      download b.txt                Tue Feb 18 17:07:08 2020

luke      over                          Tue Feb 18 17:07:15 2020

luke      login success                 Tue Feb 18 17:09:07 2020

luke      download a.txt                Tue Feb 18 17:09:17 2020

luke      over                          Tue Feb 18 17:09:35 2020

luke      login success                 Tue Feb 18 17:16:48 2020

luke      download a.txt                Tue Feb 18 17:16:55 2020

luke      over                          Tue Feb 18 17:18:13 2020

luke      login success                 Tue Feb 18 17:19:40 2020

luke      download a.txt                Tue Feb 18 17:19:57 2020

luke      login success                 Tue Feb 18 17:24:54 2020

luke      download a.txt                Tue Feb 18 17:25:00 2020

luke      over                          Tue Feb 18 17:27:18 2020

luke      login success                 Tue Feb 18 17:33:57 2020

luke      download a.txt                Tue Feb 18 17:34:02 2020

luke      over                          Tue Feb 18 17:34:09 2020

luke      login success                 Tue Feb 18 17:44:05 2020

luke      download 1.mp4                Tue Feb 18 17:44:13 2020

luke      over                          Tue Feb 18 17:44:39 2020

luke      login success                 Tue Feb 18 17:46:13 2020

luke      download 1.mp4                Tue Feb 18 17:46:20 2020

luke      login success                 Tue Feb 18 17:47:04 2020

luke      download 1.mp4                Tue Feb 18 17:47:12 2020

luke      over                          Tue Feb 18 17:47:38 2020

luke      login success                 Tue Feb 18 17:48:49 2020

luke      download 1.mp4                Tue Feb 18 17:48:57 2020

luke      login success                 Tue Feb 18 17:49:27 2020

luke      download 1.mp4                Tue Feb 18 17:49:34 2020

          login fail                    Tue Feb 18 22:03:16 2020

luke      login success                 Tue Feb 18 22:03:34 2020

luke      download 1.mp4                Tue Feb 18 22:04:24 2020

luke      over                          Tue Feb 18 22:04:57 2020

          login fail                    Tue Feb 18 22:05:32 2020

          login fail                    Tue Feb 18 22:05:32 2020

          login fail                    Tue Feb 18 22:05:32 2020

luke      login success                 Wed Feb 19 10:09:43 2020

luke      ls                            Wed Feb 19 10:09:52 2020

luke      cd ..                         Wed Feb 19 10:09:54 2020

luke      ls                            Wed Feb 19 10:09:55 2020

luke      download ÁôæÂ∫¶ÁΩëÊ≥ÆÂÆÁΩëÁõòÂäüËÉΩ‰ªãÁªç.txtWed Feb 19 10:10:39 2020

luke      ls                            Wed Feb 19 10:10:47 2020

luke      download ÁôæÂ∫¶ÁΩëÁõòÂäüËÉΩ‰ªãÁªç.txtWed Feb 19 10:10:58 2020

luke      over                          Wed Feb 19 10:11:06 2020

luke      login success                 Wed Feb 19 13:13:33 2020

luke      ls                            Wed Feb 19 13:13:36 2020

luke      ls                            Wed Feb 19 13:13:40 2020

luke      pwd                           Wed Feb 19 13:13:42 2020

luke      cd ..                         Wed Feb 19 13:13:54 2020

luke      ls                            Wed Feb 19 13:13:56 2020

luke      upload client.o               Wed Feb 19 13:14:41 2020

luke      ls                            Wed Feb 19 13:19:26 2020

luke      pwd                           Wed Feb 19 13:19:27 2020

luke      cd ./server_quick             Wed Feb 19 13:19:53 2020

luke      over                          Wed Feb 19 13:21:26 2020

luke      login success                 Wed Feb 19 22:56:39 2020

luke      ls                            Wed Feb 19 22:56:41 2020

luke      over                          Wed Feb 19 22:58:57 2020

luke      login success                 Thu Feb 20 12:54:15 2020

luke      cd ..                         Thu Feb 20 12:54:17 2020

luke      ls                            Thu Feb 20 12:54:19 2020

luke      pwd                           Thu Feb 20 12:54:21 2020

luke      over                          Thu Feb 20 12:54:31 2020

luke      login success                 Thu Feb 20 14:12:52 2020

l         login fail                    Thu Feb 20 15:39:18 2020

luke      login fail                    Thu Feb 20 15:39:46 2020

xiongda   login success                 Thu Feb 20 22:02:50 2020

          login success                 Thu Feb 20 22:08:24 2020

‡Ω=˛    login success                 Thu Feb 20 22:13:48 2020

F&°˝    login success                 Thu Feb 20 22:18:51 2020

qwe       login success                 Thu Feb 20 22:19:51 2020

xiongda   login fail                    Thu Feb 20 22:22:29 2020

          login fail                    Thu Feb 20 22:22:45 2020

          login fail                    Thu Feb 20 22:23:00 2020

xiongda   login success                 Thu Feb 20 22:30:32 2020

xiongda   ls                            Thu Feb 20 22:30:36 2020

xiongda   pwd                           Thu Feb 20 22:30:37 2020

xiongda   cd ..                         Thu Feb 20 22:30:52 2020

xiongda   cd ..                         Thu Feb 20 22:30:54 2020

xiongda   cd ..                         Thu Feb 20 22:30:56 2020

xiongda   cd ..                         Thu Feb 20 22:30:57 2020

xiongda   cd ..                         Thu Feb 20 22:30:58 2020

xiongda   cd ..                         Thu Feb 20 22:31:01 2020

xiongda   ls                            Thu Feb 20 22:31:28 2020

xionger   login success                 Thu Feb 20 22:33:08 2020

xionger   ls                            Thu Feb 20 22:33:22 2020

xionger   cd ./home/luke/day32          Thu Feb 20 22:33:40 2020

xionger   ls                            Thu Feb 20 22:33:42 2020

xionger   cd ./fctl                     Thu Feb 20 22:34:06 2020

xionger   cd ./fcntl                    Thu Feb 20 22:34:13 2020

xionger   ls                            Thu Feb 20 22:34:14 2020

xionger   pwd                           Thu Feb 20 22:34:16 2020

xionger   download read_stdin.c         Thu Feb 20 22:34:38 2020

xionger   download file                 Thu Feb 20 22:34:55 2020

xionger   cd ..                         Thu Feb 20 22:35:05 2020

xionger   cd ..                         Thu Feb 20 22:35:08 2020

xionger   cd day38                      Thu Feb 20 22:35:14 2020

xionger   ls                            Thu Feb 20 22:35:15 2020

xionger   cd ./aio                      Thu Feb 20 22:35:31 2020

xionger   ls                            Thu Feb 20 22:35:33 2020

xionger   cd test.txt                   Thu Feb 20 22:35:39 2020

xionger   download test.txt             Thu Feb 20 22:35:49 2020

xionger   over                          Thu Feb 20 22:35:57 2020

l         login success                 Thu Feb 20 22:45:44 2020

pÔ?˝    login fail                    Thu Feb 20 22:48:03 2020

          login fail                    Thu Feb 20 22:48:17 2020

          login fail                    Thu Feb 20 22:48:31 2020

luke      login success                 Thu Feb 20 22:49:49 2020

luke      login success                 Thu Feb 20 22:50:58 2020

sdadas    login success                 Thu Feb 20 22:54:08 2020

adsdasdsadlogin success                 Thu Feb 20 22:55:26 2020

          login fail                    Thu Feb 20 23:00:50 2020

li        login fail                    Thu Feb 20 23:01:42 2020

xiongda   login success                 Thu Feb 20 23:02:44 2020

xiongda   login fail                    Thu Feb 20 23:03:22 2020

xiong     login fail                    Thu Feb 20 23:06:58 2020

          login fail                    Thu Feb 20 23:07:12 2020

xiong     login fail                    Thu Feb 20 23:12:51 2020

xiongd    login fail                    Thu Feb 20 23:13:56 2020

          login fail                    Thu Feb 20 23:14:44 2020

          login fail                    Thu Feb 20 23:14:55 2020

pasd      login fail                    Thu Feb 20 23:16:45 2020

xiongda   login fail                    Thu Feb 20 23:17:18 2020

xiongda   login fail                    Thu Feb 20 23:17:48 2020

lupasswordlogin fail                    Thu Feb 20 23:28:21 2020

xiongda   login fail                    Thu Feb 20 23:28:58 2020

xiongda   login success                 Thu Feb 20 23:29:25 2020

xiongda   ls                            Thu Feb 20 23:29:59 2020

xiongda   pwd                           Thu Feb 20 23:30:00 2020

†         login fail                    Thu Feb 20 23:30:22 2020

q2e       login fail                    Thu Feb 20 23:31:42 2020

          login fail                    Thu Feb 20 23:32:44 2020

          login fail                    Thu Feb 20 23:32:49 2020

ÄI*àˇ    login fail                    Thu Feb 20 23:33:06 2020

dad       login fail                    Thu Feb 20 23:33:17 2020

          login fail                    Thu Feb 20 23:33:27 2020

          login fail                    Thu Feb 20 23:38:14 2020

xionger   login success                 Thu Feb 20 23:38:29 2020

xionger   over                          Thu Feb 20 23:38:32 2020

xionger   login success                 Thu Feb 20 23:38:55 2020

xionger   ls                            Thu Feb 20 23:39:01 2020

xiongda   login success                 Fri Feb 21 15:39:15 2020

xionger   login success                 Fri Feb 21 15:39:24 2020

xionger   ls                            Fri Feb 21 15:39:28 2020

xiongda   ls                            Fri Feb 21 15:39:30 2020

xiongda   pwd                           Fri Feb 21 15:39:32 2020

xionger   pwd                           Fri Feb 21 15:39:34 2020

xiongda   cd ..                         Fri Feb 21 15:39:39 2020

xionger   ls                            Fri Feb 21 15:39:41 2020

xiongda   ls                            Fri Feb 21 15:39:49 2020

xiongda   cd /                          Fri Feb 21 15:39:59 2020

xiongda   ls                            Fri Feb 21 15:40:03 2020

xionger   ls                            Fri Feb 21 15:40:09 2020

xionger   cd ..                         Fri Feb 21 15:40:15 2020

xionger   ls                            Fri Feb 21 15:40:16 2020

xiongda   over                          Fri Feb 21 15:40:28 2020

xionger   over                          Fri Feb 21 15:40:31 2020

xiongda   login success                 Fri Feb 21 16:50:38 2020

xiongda   ls                            Fri Feb 21 16:52:03 2020

xiongda   pwd                           Fri Feb 21 16:52:05 2020

xiongda   over                          Fri Feb 21 16:52:07 2020

xiongda   login success                 Fri Feb 21 16:59:02 2020

xiongda   login success                 Fri Feb 21 17:03:30 2020

xiongda   ls                            Fri Feb 21 17:07:39 2020

xiongda   login success                 Fri Feb 21 22:28:58 2020

xiongda   cd dir1                       Fri Feb 21 22:29:13 2020

xiongda   login success                 Fri Feb 21 22:31:24 2020

xiongda   cd .                          Fri Feb 21 22:31:44 2020

xiongda   cd ..                         Fri Feb 21 22:31:48 2020

xiongda   cd dir1                       Fri Feb 21 22:32:07 2020

xiongda   login success                 Fri Feb 21 22:36:39 2020

xiongda   cd dir1                       Fri Feb 21 22:36:46 2020

xiongda   login success                 Fri Feb 21 22:38:46 2020

xiongda   cd dir1                       Fri Feb 21 22:38:52 2020

xiongda   cd dir3                       Fri Feb 21 22:41:03 2020

xiongda   cd .                          Fri Feb 21 22:41:27 2020

xiongda   cd .                          Fri Feb 21 22:41:29 2020

xiongda   ls                            Fri Feb 21 22:41:44 2020

xiongda   pwd                           Fri Feb 21 22:41:46 2020

xiongda   login success                 Fri Feb 21 23:39:04 2020

xiongda   cd dir1                       Fri Feb 21 23:39:09 2020

xiongda   cd dir3                       Fri Feb 21 23:39:19 2020

xiongda   cd ..                         Fri Feb 21 23:39:28 2020

xiongda   login success                 Fri Feb 21 23:41:03 2020

xiongda   cd dir1                       Fri Feb 21 23:41:08 2020

xiongda   cd dir3                       Fri Feb 21 23:41:17 2020

xiongda   cd ..cd ..                    Fri Feb 21 23:41:26 2020

xiongda   cd ..                         Fri Feb 21 23:41:46 2020

xiongda   cd ..                         Fri Feb 21 23:42:05 2020

xiongda   login success                 Fri Feb 21 23:45:20 2020

xiongda   cd dir1                       Fri Feb 21 23:45:27 2020

xiongda   cd dir3                       Fri Feb 21 23:45:35 2020

xiongda   cd ..                         Fri Feb 21 23:45:41 2020

xiongda   cd ..                         Fri Feb 21 23:45:59 2020

xiongda   pwd                           Fri Feb 21 23:46:08 2020

xiongda   pwd                           Fri Feb 21 23:46:10 2020

xiongda   cd dir2                       Fri Feb 21 23:46:14 2020

xiongda   pwd                           Fri Feb 21 23:46:22 2020

xiongda   ls                            Fri Feb 21 23:47:11 2020

xiongda   cd .                          Fri Feb 21 23:47:15 2020

xiongda   cd .                          Fri Feb 21 23:47:18 2020

xiongda   cd ..                         Fri Feb 21 23:47:19 2020

xiongda   cd dir2                       Fri Feb 21 23:47:41 2020

xiongda   login success                 Fri Feb 21 23:49:17 2020

xiongda   cd dir1                       Fri Feb 21 23:49:24 2020

xiongda   cd dir3                       Fri Feb 21 23:49:31 2020

xiongda   cd ..                         Fri Feb 21 23:49:39 2020

xiongda   cd ..                         Fri Feb 21 23:49:54 2020

xiongda   cd dir2                       Fri Feb 21 23:50:05 2020

xiongda   cd dir4                       Fri Feb 21 23:50:13 2020

xiongda   cd ..                         Fri Feb 21 23:50:29 2020

xiongda   cd dir4                       Fri Feb 21 23:50:42 2020

xiongda   cd ..                         Fri Feb 21 23:50:53 2020

xiongda   cd ..                         Fri Feb 21 23:51:04 2020

xiongda   cd ..                         Fri Feb 21 23:51:12 2020

xiongda   cd ..                         Fri Feb 21 23:51:15 2020

xiongda   over                          Fri Feb 21 23:51:24 2020

xiongda   login success                 Sat Feb 22 10:14:04 2020

xiongda   cd ..                         Sat Feb 22 10:14:08 2020

xiongda   cd .                          Sat Feb 22 10:14:10 2020

xiongda   cd ..                         Sat Feb 22 10:14:12 2020

xiongda   cd dir1                       Sat Feb 22 10:14:16 2020

xiongda   cd .dir2                      Sat Feb 22 10:14:21 2020

xiongda   cd dir2                       Sat Feb 22 10:14:26 2020

xiongda   cd dir3                       Sat Feb 22 10:14:31 2020

xiongda   cd dir1                       Sat Feb 22 10:14:47 2020

xiongda   ls                            Sat Feb 22 10:15:00 2020

xiongda   pwd                           Sat Feb 22 10:15:02 2020

xiongda   cd ..                         Sat Feb 22 10:15:04 2020

xiongda   cd ..                         Sat Feb 22 10:15:17 2020

xiongda   cd ..                         Sat Feb 22 10:15:25 2020

xiongda   cd ..                         Sat Feb 22 10:15:29 2020

xiongda   cd ..                         Sat Feb 22 10:15:31 2020

xiongda   cd ..                         Sat Feb 22 10:15:32 2020

xiongda   cd ..                         Sat Feb 22 10:15:33 2020

xiongda   cd dir2                       Sat Feb 22 10:15:35 2020

xiongda   cd .                          Sat Feb 22 10:15:44 2020

xiongda   over                          Sat Feb 22 10:15:47 2020

xiongda   login success                 Sat Feb 22 10:35:40 2020

xiongda   cd dir1                       Sat Feb 22 10:35:47 2020

xionger   login success                 Sat Feb 22 10:35:48 2020

xionger   cd dir2                       Sat Feb 22 10:35:52 2020

xiongda   cd dir3                       Sat Feb 22 10:36:05 2020

xionger   cd dir4                       Sat Feb 22 10:36:06 2020

xiongda   cd ..                         Sat Feb 22 10:36:22 2020

xionger   cd ..                         Sat Feb 22 10:36:23 2020

xionger   cd ..                         Sat Feb 22 10:37:17 2020

xiongda   cd ..                         Sat Feb 22 10:37:28 2020

xionger   cd .                          Sat Feb 22 10:37:37 2020

xionger   cd ..                         Sat Feb 22 10:37:39 2020

xionger   login success                 Sat Feb 22 10:38:17 2020

xiongda   cd dir1                       Sat Feb 22 10:38:31 2020

xiongda   login success                 Sat Feb 22 10:38:32 2020

xiongda   cd dir3                       Sat Feb 22 10:38:37 2020

xiongda   cd dir1                       Sat Feb 22 10:38:40 2020

xiongda   cd ..                         Sat Feb 22 10:38:49 2020

xiongda   cd ..                         Sat Feb 22 10:38:52 2020

xiongda   cd ..                         Sat Feb 22 10:39:06 2020

xiongda   cd dir2                       Sat Feb 22 10:39:10 2020

xiongda   cd dir2                       Sat Feb 22 10:39:19 2020

xiongda   cd dir4                       Sat Feb 22 10:39:22 2020

xiongda   ls                            Sat Feb 22 10:39:36 2020

xiongda   ls                            Sat Feb 22 10:39:38 2020

xiongda   pwd                           Sat Feb 22 10:39:44 2020

xiongda   pwd                           Sat Feb 22 10:39:45 2020

xiongda   cd ..                         Sat Feb 22 10:39:48 2020

xiongda   cd ..                         Sat Feb 22 10:39:50 2020

xiongda   cd ..                         Sat Feb 22 10:40:08 2020

xiongda   cd ..                         Sat Feb 22 10:40:10 2020

xiongda   login success                 Sat Feb 22 11:46:57 2020

xiongda   pwd                           Sat Feb 22 11:47:01 2020

xiongda   cd .                          Sat Feb 22 11:47:05 2020

xiongda   cd ..                         Sat Feb 22 11:47:06 2020

xiongda   cd dir1                       Sat Feb 22 11:47:11 2020

xiongda   ls                            Sat Feb 22 11:47:16 2020

xiongda   login success                 Sat Feb 22 11:49:59 2020

xiongda   ls                            Sat Feb 22 11:50:02 2020

xiongda   cd .                          Sat Feb 22 11:50:21 2020

xiongda   cd ..                         Sat Feb 22 11:50:25 2020

xiongda   cd dir1                       Sat Feb 22 11:51:41 2020

xiongda   ls                            Sat Feb 22 11:51:47 2020

xiongda   cd ..                         Sat Feb 22 11:51:57 2020

xiongda   cd ..                         Sat Feb 22 11:52:04 2020

xiongda   ls                            Sat Feb 22 11:52:15 2020

xiongda   login success                 Sat Feb 22 11:55:52 2020

xiongda   ls                            Sat Feb 22 11:55:54 2020

xiongda   over                          Sat Feb 22 11:57:14 2020

xiongda   login success                 Sat Feb 22 11:57:33 2020

xiongda   ls                            Sat Feb 22 11:57:54 2020

xiongda   login success                 Sat Feb 22 11:57:55 2020

xiongda   ls                            Sat Feb 22 11:57:58 2020

xiongda   cd dir1                       Sat Feb 22 11:58:16 2020

xiongda   cd dir2                       Sat Feb 22 11:58:19 2020

xiongda   ls                            Sat Feb 22 11:58:24 2020

xiongda   cd dir4                       Sat Feb 22 11:58:28 2020

xiongda   ls                            Sat Feb 22 11:58:50 2020

xiongda   cd dir                        Sat Feb 22 11:58:53 2020

xiongda   cd dir3                       Sat Feb 22 11:59:07 2020

xiongda   ls                            Sat Feb 22 11:59:14 2020

xiongda   cd dir5                       Sat Feb 22 11:59:27 2020

xiongda   cd dir6                       Sat Feb 22 12:01:53 2020

xiongda   ls                            Sat Feb 22 12:02:02 2020

xiongda   ls                            Sat Feb 22 12:02:18 2020

xiongda   pwd                           Sat Feb 22 12:02:33 2020

xiongda   login success                 Sat Feb 22 12:10:19 2020

xiongda   ls                            Sat Feb 22 12:10:21 2020

xiongda   cd dir2                       Sat Feb 22 12:10:53 2020

xiongda   cd dir4                       Sat Feb 22 12:10:59 2020

xiongda   cd dir5                       Sat Feb 22 12:11:06 2020

xiongda   ls                            Sat Feb 22 12:11:12 2020

xiongda   cd dir6                       Sat Feb 22 12:11:24 2020

xiongda   ls                            Sat Feb 22 12:11:30 2020

xiongda   login success                 Sat Feb 22 12:16:08 2020

xiongda   cd dir2                       Sat Feb 22 12:16:12 2020

xiongda   cd dir4                       Sat Feb 22 12:16:18 2020

xiongda   cd dir5                       Sat Feb 22 12:16:24 2020

xiongda   cd dir6                       Sat Feb 22 12:16:31 2020

xiongda   ls                            Sat Feb 22 12:16:37 2020

xiongda   login success                 Sat Feb 22 12:19:23 2020

xiongda   cd .                          Sat Feb 22 12:19:24 2020

xiongda   cd ..                         Sat Feb 22 12:19:25 2020

xiongda   cd di2                        Sat Feb 22 12:19:28 2020

xiongda   cd dir4                       Sat Feb 22 12:19:42 2020

xiongda   ls                            Sat Feb 22 12:19:53 2020

xiongda   ls                            Sat Feb 22 12:19:56 2020

xiongda   cd ..                         Sat Feb 22 12:19:59 2020

xiongda   cd ..                         Sat Feb 22 12:20:02 2020

xiongda   cd dir1                       Sat Feb 22 12:20:05 2020

xiongda   cd ..                         Sat Feb 22 12:20:13 2020

xiongda   cd dir2                       Sat Feb 22 12:20:23 2020

xiongda   cd dir4                       Sat Feb 22 12:20:31 2020

xiongda   cd dir5                       Sat Feb 22 12:20:39 2020

xiongda   cd dir6                       Sat Feb 22 12:20:47 2020

xiongda   ls                            Sat Feb 22 12:20:57 2020

xiongda   login success                 Sat Feb 22 12:23:07 2020

xiongda   cd dir2                       Sat Feb 22 12:23:09 2020

xiongda   cd dir4                       Sat Feb 22 12:23:15 2020

xiongda   cd dir5                       Sat Feb 22 12:23:21 2020

xiongda   cd dir6                       Sat Feb 22 12:23:27 2020

xiongda   ls                            Sat Feb 22 12:23:32 2020

xiongda   login success                 Sat Feb 22 12:26:59 2020

xiongda   cd dir2                       Sat Feb 22 12:27:02 2020

xiongda   cd dir4                       Sat Feb 22 12:27:05 2020

xiongda   cd dir 5                      Sat Feb 22 12:27:11 2020

xiongda   cd dir5                       Sat Feb 22 12:27:14 2020

xiongda   cd dir6                       Sat Feb 22 12:27:17 2020

xiongda   ls                            Sat Feb 22 12:27:18 2020

xiongda   login success                 Sat Feb 22 12:29:20 2020

xiongda   cd dir2                       Sat Feb 22 12:29:23 2020

xiongda   cd dir4                       Sat Feb 22 12:29:24 2020

xiongda   cd dir5                       Sat Feb 22 12:29:27 2020

xiongda   cd dir6                       Sat Feb 22 12:29:29 2020

xiongda   ls                            Sat Feb 22 12:29:30 2020

xiongda   login success                 Sat Feb 22 12:31:40 2020

xiongda   cd dir2                       Sat Feb 22 12:31:41 2020

xiongda   cd dir4                       Sat Feb 22 12:31:53 2020

xiongda   cd dir5                       Sat Feb 22 12:31:59 2020

xiongda   cd dir6                       Sat Feb 22 12:32:02 2020

xiongda   ls                            Sat Feb 22 12:32:03 2020

xiongda   login success                 Sat Feb 22 12:36:28 2020

xiongda   cd dir2                       Sat Feb 22 12:36:31 2020

xiongda   cd dir4                       Sat Feb 22 12:36:33 2020

xiongda   cd dir5                       Sat Feb 22 12:36:34 2020

xiongda   cd dir6                       Sat Feb 22 12:36:36 2020

xiongda   ls                            Sat Feb 22 12:36:37 2020

xiongda   login success                 Sat Feb 22 12:40:45 2020

xiongda   cd dir2                       Sat Feb 22 12:40:49 2020

xiongda   cd dir4                       Sat Feb 22 12:40:51 2020

xiongda   cd dir5                       Sat Feb 22 12:40:53 2020

xiongda   cd dir6                       Sat Feb 22 12:40:55 2020

xiongda   ls                            Sat Feb 22 12:40:55 2020

xiongda   login success                 Sat Feb 22 12:41:57 2020

xiongda   cd dir2                       Sat Feb 22 12:42:00 2020

xiongda   cd dir4                       Sat Feb 22 12:42:02 2020

xiongda   cd dir5                       Sat Feb 22 12:42:04 2020

xiongda   cd di6                        Sat Feb 22 12:42:06 2020

xiongda   cd dir6                       Sat Feb 22 12:42:08 2020

xiongda   ls                            Sat Feb 22 12:42:09 2020

xiongda   ls                            Sat Feb 22 12:45:35 2020

xiongda   login success                 Sat Feb 22 13:23:15 2020

xiongda   cd dir2                       Sat Feb 22 13:23:17 2020

xiongda   cd dir4                       Sat Feb 22 13:23:21 2020

xiongda   cd dir5                       Sat Feb 22 13:23:23 2020

xiongda   cd dir6                       Sat Feb 22 13:23:26 2020

xiongda   ls                            Sat Feb 22 13:23:27 2020

xiongda   cd ..                         Sat Feb 22 13:23:29 2020

xiongda   ls                            Sat Feb 22 13:23:31 2020

xiongda   ls                            Sat Feb 22 13:23:41 2020

xiongda   cd ..                         Sat Feb 22 13:23:43 2020

xiongda   ls                            Sat Feb 22 13:23:45 2020

xiongda   login success                 Sat Feb 22 13:25:32 2020

xiongda   cd dir2                       Sat Feb 22 13:25:33 2020

xiongda   cd dir4                       Sat Feb 22 13:25:37 2020

xiongda   cd dir5                       Sat Feb 22 13:25:40 2020

xiongda   ls                            Sat Feb 22 13:25:42 2020

xiongda   cd dir6                       Sat Feb 22 13:25:50 2020

xiongda   ls                            Sat Feb 22 13:25:51 2020

xiongda   cd ..                         Sat Feb 22 13:27:03 2020

xiongda   ls                            Sat Feb 22 13:27:13 2020

xiongda   ls                            Sat Feb 22 13:27:20 2020

xiongda   login success                 Sat Feb 22 13:27:50 2020

xiongda   cd dir2                       Sat Feb 22 13:27:53 2020

xiongda   cd dir4                       Sat Feb 22 13:27:57 2020

xiongda   cd dir5                       Sat Feb 22 13:28:00 2020

xiongda   ls                            Sat Feb 22 13:28:00 2020

xiongda   cd dir6                       Sat Feb 22 13:28:09 2020

xiongda   ls                            Sat Feb 22 13:28:34 2020

xiongda   ls                            Sat Feb 22 13:28:37 2020

xiongda   login success                 Sat Feb 22 13:30:36 2020

xiongda   ls                            Sat Feb 22 13:30:37 2020

xiongda   cd dir2                       Sat Feb 22 13:30:40 2020

xiongda   cd dir4                       Sat Feb 22 13:30:42 2020

xiongda   cd dir5                       Sat Feb 22 13:30:45 2020

xiongda   ls                            Sat Feb 22 13:30:46 2020

xiongda   cd dir6                       Sat Feb 22 13:30:49 2020

xiongda   ls                            Sat Feb 22 13:30:50 2020

xiongda   ls                            Sat Feb 22 13:30:57 2020

xiongda   login success                 Sat Feb 22 13:32:37 2020

xiongda   cd dir2                       Sat Feb 22 13:32:40 2020

xiongda   ls                            Sat Feb 22 13:32:41 2020

xiongda   ls                            Sat Feb 22 13:32:42 2020

xiongda   ls                            Sat Feb 22 13:32:43 2020

xiongda   cd dir4                       Sat Feb 22 13:32:46 2020

xiongda   cd dir5                       Sat Feb 22 13:32:48 2020

xiongda   ls                            Sat Feb 22 13:32:49 2020

xiongda   cd dir6                       Sat Feb 22 13:32:52 2020

xiongda   ls                            Sat Feb 22 13:32:53 2020

xiongda   ls                            Sat Feb 22 13:32:55 2020

xiongda   ls                            Sat Feb 22 13:32:56 2020

xiongda   ls                            Sat Feb 22 13:32:56 2020

xiongda   ls                            Sat Feb 22 13:32:58 2020

xiongda   ls                            Sat Feb 22 13:32:58 2020

xiongda   ls                            Sat Feb 22 13:33:00 2020

xiongda   login success                 Sat Feb 22 13:33:30 2020

xiongda   cd dir2                       Sat Feb 22 13:33:31 2020

xiongda   ls                            Sat Feb 22 13:33:32 2020

xiongda   ls                            Sat Feb 22 13:33:33 2020

xiongda   ls                            Sat Feb 22 13:33:34 2020

xiongda   cd dir4                       Sat Feb 22 13:33:36 2020

xiongda   cd dir5                       Sat Feb 22 13:33:39 2020

xiongda   cd dir6                       Sat Feb 22 13:33:41 2020

xiongda   ls                            Sat Feb 22 13:33:42 2020

xiongda   ls                            Sat Feb 22 13:33:43 2020

xiongda   ls                            Sat Feb 22 13:33:43 2020

xiongda   ls                            Sat Feb 22 13:33:44 2020

xionger   login success                 Sat Feb 22 16:57:10 2020

xionger   ls                            Sat Feb 22 16:57:11 2020

xionger   login fail                    Sat Feb 22 17:00:10 2020

          login fail                    Sat Feb 22 17:00:15 2020

xionger   login success                 Sat Feb 22 17:00:44 2020

xionger   ls                            Sat Feb 22 17:00:47 2020

xionger   cd dir1                       Sat Feb 22 17:00:53 2020

xionger   ls                            Sat Feb 22 17:00:54 2020

xionger   cd dir3                       Sat Feb 22 17:00:57 2020

xionger   ls                            Sat Feb 22 17:00:59 2020

xionger   cd ..                         Sat Feb 22 17:01:07 2020

xionger   cd ..                         Sat Feb 22 17:01:08 2020

xionger   cd ..                         Sat Feb 22 17:01:09 2020

xionger   cd ..                         Sat Feb 22 17:01:21 2020

xionger   ls                            Sat Feb 22 17:05:00 2020

xionger   over                          Sat Feb 22 17:05:04 2020

xiongda   login success                 Sat Feb 22 17:05:19 2020

xiongda   ls                            Sat Feb 22 17:05:22 2020

xiongda   cd dir2                       Sat Feb 22 17:05:25 2020

xiongda   ls                            Sat Feb 22 17:05:26 2020

xiongda   cd dir4                       Sat Feb 22 17:05:29 2020

xiongda   cd dir5                       Sat Feb 22 17:05:33 2020

xiongda   ls                            Sat Feb 22 17:05:34 2020

xiongda   cd dir6                       Sat Feb 22 17:05:37 2020

xiongda   ls                            Sat Feb 22 17:05:38 2020

xiongda   login success                 Sat Feb 22 18:45:33 2020

xiongda   cd dir2                       Sat Feb 22 18:45:47 2020

xiongda   cd dir4                       Sat Feb 22 18:45:50 2020

xiongda   cd dir5                       Sat Feb 22 18:45:53 2020

xiongda   ls                            Sat Feb 22 18:45:54 2020

xiongda   remove file4                  Sat Feb 22 18:46:03 2020

xiongda   login success                 Sat Feb 22 18:49:04 2020

xiongda   cd dir2                       Sat Feb 22 18:49:08 2020

xiongda   cd dir4                       Sat Feb 22 18:49:09 2020

xiongda   cd dir5                       Sat Feb 22 18:49:12 2020

xiongda   remove file4                  Sat Feb 22 18:49:19 2020

xiongda   login success                 Sat Feb 22 18:56:11 2020

xiongda   cd dir2                       Sat Feb 22 18:56:14 2020

xiongda   cd dir4                       Sat Feb 22 18:56:18 2020

xiongda   cd dir5                       Sat Feb 22 18:56:20 2020

xiongda   remove file4                  Sat Feb 22 18:56:24 2020

xiongda   login success                 Sat Feb 22 18:58:43 2020

xiongda   cd dir1                       Sat Feb 22 18:58:47 2020

xiongda   ls                            Sat Feb 22 18:58:50 2020

xiongda   remove file1                  Sat Feb 22 18:58:57 2020

xiongda   ls                            Sat Feb 22 18:59:22 2020

xiongda   ls                            Sat Feb 22 19:03:06 2020

xiongda   cd dir3                       Sat Feb 22 19:03:11 2020

xiongda   ls                            Sat Feb 22 19:03:13 2020

xiongda   remove file3                  Sat Feb 22 19:03:17 2020

xiongda   cd ..                         Sat Feb 22 19:03:22 2020

xiongda   cd ..                         Sat Feb 22 19:03:22 2020

xiongda   cd ..                         Sat Feb 22 19:03:23 2020

xiongda   cd ..                         Sat Feb 22 19:03:24 2020

xiongda   cd dir2                       Sat Feb 22 19:03:26 2020

xiongda   cd dir4                       Sat Feb 22 19:03:28 2020

xiongda   cd dir5                       Sat Feb 22 19:03:30 2020

xiongda   ls                            Sat Feb 22 19:03:31 2020

xiongda   remove file4                  Sat Feb 22 19:03:35 2020

xiongda   login success                 Sat Feb 22 19:16:07 2020

xiongda   ls                            Sat Feb 22 19:16:15 2020

xiongda   cd dir2                       Sat Feb 22 19:16:19 2020

xiongda   cd dir4                       Sat Feb 22 19:16:21 2020

xiongda   cd dir5                       Sat Feb 22 19:16:23 2020

xiongda   ls                            Sat Feb 22 19:16:24 2020

xiongda   ls                            Sat Feb 22 19:16:32 2020

xiongda   cd..                          Sat Feb 22 19:16:40 2020

xiongda   cd ..                         Sat Feb 22 19:16:42 2020

xiongda   cd ..                         Sat Feb 22 19:16:44 2020

xiongda   cd dir2                       Sat Feb 22 19:16:46 2020

xiongda   ls                            Sat Feb 22 19:16:47 2020

xiongda   login success                 Sat Feb 22 19:20:59 2020

xiongda   cd dir1                       Sat Feb 22 19:21:08 2020

xiongda   ls                            Sat Feb 22 19:21:09 2020

xiongda   remove file1                  Sat Feb 22 19:21:15 2020

xiongda   login success                 Sat Feb 22 19:24:34 2020

xiongda   login fail                    Sat Feb 22 19:25:31 2020

          login fail                    Sat Feb 22 19:26:08 2020

xiongda   login success                 Sat Feb 22 19:26:18 2020

xiongda   ls                            Sat Feb 22 19:26:29 2020

xiongda   cd dir11                      Sat Feb 22 19:26:35 2020

xiongda   cd dir1                       Sat Feb 22 19:26:37 2020

xiongda   ls                            Sat Feb 22 19:26:38 2020

xiongda   remove file1                  Sat Feb 22 19:26:43 2020

xiongda   ls                            Sat Feb 22 19:26:45 2020

xiongda   cd dir3                       Sat Feb 22 19:26:48 2020

xiongda   ls                            Sat Feb 22 19:26:50 2020

xiongda   remove file3                  Sat Feb 22 19:26:54 2020

xiongda   ls                            Sat Feb 22 19:26:55 2020

xiongda   cd ..                         Sat Feb 22 19:26:57 2020

xiongda   cd ..                         Sat Feb 22 19:26:58 2020

xiongda   cd ..                         Sat Feb 22 19:26:59 2020

xiongda   cd dir2                       Sat Feb 22 19:27:01 2020

xiongda   cd dir4                       Sat Feb 22 19:27:05 2020

xiongda   ls                            Sat Feb 22 19:27:06 2020

xiongda   cd dir5                       Sat Feb 22 19:27:09 2020

xiongda   ls                            Sat Feb 22 19:27:10 2020

xiongda   remove file4                  Sat Feb 22 19:27:15 2020

xiongda   login success                 Sat Feb 22 19:28:53 2020

xiongda   cd dir2                       Sat Feb 22 19:28:58 2020

xiongda   ls                            Sat Feb 22 19:28:59 2020

xiongda   remove file2                  Sat Feb 22 19:29:04 2020

xiongda   ls                            Sat Feb 22 19:29:06 2020

xiongda   cd ..                         Sat Feb 22 19:29:08 2020

xiongda   cd dir2                       Sat Feb 22 19:29:13 2020

xiongda   cd dir4                       Sat Feb 22 19:29:15 2020

xiongda   ls                            Sat Feb 22 19:29:15 2020

xiongda   cd dir5                       Sat Feb 22 19:29:17 2020

xiongda   ls                            Sat Feb 22 19:29:22 2020

xiongda   ls                            Sat Feb 22 19:29:24 2020

xiongda   ls                            Sat Feb 22 19:33:42 2020

xiongda   remove file4                  Sat Feb 22 19:33:46 2020

0         login fail                    Sat Feb 22 20:12:58 2020

          login fail                    Sat Feb 22 20:13:12 2020

          login fail                    Sat Feb 22 20:13:17 2020

xiongda   login success                 Sat Feb 22 23:15:41 2020

xiongda   cd dir1                       Sat Feb 22 23:15:51 2020

xiongda   ls                            Sat Feb 22 23:15:56 2020

xiongda   download file1                Sat Feb 22 23:16:02 2020

xiongda   over                          Sat Feb 22 23:16:18 2020

xiongda   login success                 Sat Feb 22 23:17:15 2020

xiongda   download file1                Sat Feb 22 23:17:19 2020

xiongda   login success                 Sat Feb 22 23:19:35 2020

xiongda   download file1                Sat Feb 22 23:19:42 2020

xiongda   download f                    Sat Feb 22 23:19:48 2020

xiongda   cd dir1                       Sat Feb 22 23:19:52 2020

xiongda   ls                            Sat Feb 22 23:19:53 2020

xiongda   download file1                Sat Feb 22 23:19:59 2020

xiongda   ls                            Sat Feb 22 23:21:32 2020

xiongda   cd dir3                       Sat Feb 22 23:21:38 2020

xiongda   ls                            Sat Feb 22 23:21:40 2020

xiongda   pwd                           Sat Feb 22 23:21:42 2020

xiongda   download file3                Sat Feb 22 23:21:49 2020

xiongda   ls                            Sat Feb 22 23:22:04 2020

xiongda   cd ..                         Sat Feb 22 23:22:08 2020

xiongda   ls                            Sat Feb 22 23:22:18 2020

xiongda   cd ~                          Sat Feb 22 23:22:26 2020

xiongda   cd ..                         Sat Feb 22 23:22:30 2020

xiongda   cd ..                         Sat Feb 22 23:22:31 2020

xiongda   cd ...                        Sat Feb 22 23:22:33 2020

xiongda   login success                 Sun Feb 23 14:11:34 2020

xiongda   cd dir1                       Sun Feb 23 14:11:38 2020

xiongda   ls                            Sun Feb 23 14:11:39 2020

xiongda   pwd                           Sun Feb 23 14:11:43 2020

xiongda   cd dir3                       Sun Feb 23 14:11:47 2020

xiongda   ls                            Sun Feb 23 14:11:48 2020

xiongda   cd ..                         Sun Feb 23 14:11:51 2020

xiongda   cd ..                         Sun Feb 23 14:11:53 2020

xiongda   ls                            Sun Feb 23 14:11:54 2020

xiongda   ls                            Sun Feb 23 14:16:09 2020

xiongda   pwd                           Sun Feb 23 14:16:15 2020

xiongda   cd                            Sun Feb 23 14:16:20 2020

xiongda   ls                            Sun Feb 23 14:16:25 2020

xiongda   cd dir1                       Sun Feb 23 14:16:28 2020

xiongda   ls                            Sun Feb 23 14:16:49 2020

xiongda   remove file1                  Sun Feb 23 14:17:02 2020

xiongda   ls                            Sun Feb 23 14:17:04 2020

xiongda   login success                 Sun Feb 23 14:18:44 2020

xiongda   upload file1 ffc955a7a4c7c3a87c36dd2e7139202dSun Feb 23 14:18:55 2020

xiongda   login success                 Sun Feb 23 14:33:24 2020

xiongda   ls                            Sun Feb 23 14:33:26 2020

xiongda   upload file1 ffc955a7a4c7c3a87c36dd2e7139202dSun Feb 23 14:33:42 2020

xiongda   login success                 Sun Feb 23 14:40:11 2020

xiongda   upload file1 ffc955a7a4c7c3a87c36dd2e7139202dSun Feb 23 14:40:25 2020

xiongda   ls                            Sun Feb 23 14:40:52 2020

xiongda   ls                            Sun Feb 23 14:41:04 2020

xiongda   cd dir1                       Sun Feb 23 14:41:07 2020

xiongda   ls                            Sun Feb 23 14:41:08 2020

xiongda   upload file1 ffc955a7a4c7c3a87c36dd2e7139202dSun Feb 23 14:41:21 2020

xiongda   ls                            Sun Feb 23 16:27:50 2020

xiongda   over                          Sun Feb 23 16:28:49 2020

          login fail                    Sun Feb 23 17:28:25 2020

          login fail                    Sun Feb 23 17:28:29 2020

          login fail                    Sun Feb 23 17:28:30 2020

xiongda   login success                 Sun Feb 23 17:31:36 2020

xiongda   upload file1 ffc955a7a4c7c3a87c36dd2e7139202dSun Feb 23 17:31:55 2020

xiongda   upload file1 ffc955a7a4c7c3a87c36dd2e7139202dSun Feb 23 17:32:11 2020

xiongda   ls                            Sun Feb 23 17:32:34 2020

xiongda   upload a.txt dc1e06a591722eb9bb0d31d6a01f9c18Sun Feb 23 17:33:50 2020

          login fail                    Sun Feb 23 17:36:10 2020

xiongda   login success                 Sun Feb 23 17:36:22 2020

xiongda   over                          Sun Feb 23 17:36:26 2020

xiongda   login success                 Sun Feb 23 17:36:55 2020

xiongda   login success                 Sun Feb 23 17:37:38 2020

xiongda   ls                            Sun Feb 23 17:37:40 2020

xiongda   ls                            Sun Feb 23 17:37:43 2020

xiongda   pwd                           Sun Feb 23 17:37:44 2020

xiongda   cd dir1                       Sun Feb 23 17:37:47 2020

xiongda   upload file1 ffc955a7a4c7c3a87c36dd2e7139202dSun Feb 23 17:38:01 2020

xiongda   upload file1 ffc955a7a4c7c3a87c36dd2e7139202dSun Feb 23 17:38:08 2020

xiongda   upload a.txt dc1e06a591722eb9bb0d31d6a01f9c18Sun Feb 23 17:38:14 2020

xiongda   upload a.txt dc1e06a591722eb9bb0d31d6a01f9c18Sun Feb 23 17:39:49 2020

xiongda   upload a.txt dc1e06a591722eb9bb0d31d6a01f9c18Sun Feb 23 17:39:55 2020

xiongda   ls                            Sun Feb 23 17:40:12 2020

xiongda   ls                            Sun Feb 23 17:40:14 2020

xiongda   login success                 Sun Feb 23 17:44:44 2020

xiongda   ls                            Sun Feb 23 17:44:46 2020

xiongda   pwd                           Sun Feb 23 17:44:58 2020

xiongda   cd dir1                       Sun Feb 23 17:45:02 2020

xiongda   ls                            Sun Feb 23 17:45:03 2020

xiongda   cd dir3                       Sun Feb 23 17:45:12 2020

xiongda   ls                            Sun Feb 23 17:45:18 2020

xiongda   login success                 Sun Feb 23 18:28:14 2020

xiongda   ls                            Sun Feb 23 18:28:30 2020

xiongda   ls                            Sun Feb 23 18:31:15 2020

xiongda   pwd                           Sun Feb 23 18:31:17 2020

xiongda   cd dir1                       Sun Feb 23 18:31:21 2020

xiongda   cd dir2                       Sun Feb 23 18:31:26 2020

xiongda   ls                            Sun Feb 23 18:31:27 2020

xiongda   cd dir3                       Sun Feb 23 18:31:30 2020

xiongda   pwd                           Sun Feb 23 18:31:42 2020

xiongda   login success                 Sun Feb 23 18:32:49 2020

xiongda   mkdir 123                     Sun Feb 23 18:32:51 2020

xiongda   ls                            Sun Feb 23 18:32:53 2020

xiongda   cd dir1                       Sun Feb 23 18:33:03 2020

xiongda   ls                            Sun Feb 23 18:33:04 2020

xiongda   mkdir dir6                    Sun Feb 23 18:33:12 2020

xiongda   over                          Sun Feb 23 18:34:10 2020

xiongda   login success                 Sun Feb 23 18:34:26 2020

xiongda   ls                            Sun Feb 23 18:34:27 2020

xiongda   cd dirhah                     Sun Feb 23 18:34:34 2020

xiongda   mkdir dirhehe                 Sun Feb 23 18:34:40 2020

xiongda   ls                            Sun Feb 23 18:34:44 2020

xiongda   cd dirhaha                    Sun Feb 23 18:34:54 2020

xiongda   mkdir dirhehe                 Sun Feb 23 18:35:01 2020

xiongda   ls                            Sun Feb 23 18:35:05 2020

xiongda   remove dirhehe                Sun Feb 23 18:35:12 2020

xiongda   login success                 Mon Feb 24 10:53:50 2020

xiongda   login success                 Mon Feb 24 10:56:08 2020

xiongda   ls                            Mon Feb 24 10:56:11 2020

xiongda   remove dirhaha                Mon Feb 24 10:56:24 2020

xiongda   login success                 Mon Feb 24 10:57:16 2020

xiongda   ls                            Mon Feb 24 10:57:19 2020

xiongda   cd dir1                       Mon Feb 24 10:57:23 2020

xiongda   ls                            Mon Feb 24 10:57:24 2020

xiongda   upload a.txt dc1e06a591722eb9bb0d31d6a01f9c18Mon Feb 24 10:57:42 2020

xiongda   login success                 Mon Feb 24 11:06:27 2020

xiongda   ls                            Mon Feb 24 11:06:29 2020

xiongda   ls                            Mon Feb 24 11:06:37 2020

xiongda   pwd                           Mon Feb 24 11:06:38 2020

xiongda   cd dir1                       Mon Feb 24 11:06:40 2020

xiongda   upload file1 ffc955a7a4c7c3a87c36dd2e7139202dMon Feb 24 11:06:49 2020

xiongda   upload file1 ffc955a7a4c7c3a87c36dd2e7139202dMon Feb 24 11:07:02 2020

xiongda   upload a.txt dc1e06a591722eb9bb0d31d6a01f9c18Mon Feb 24 11:07:10 2020

xiongda   login success                 Mon Feb 24 11:09:58 2020

xiongda   ls                            Mon Feb 24 11:10:03 2020

xiongda   upload file1 ffc955a7a4c7c3a87c36dd2e7139202dMon Feb 24 11:10:14 2020

xiongda   cd dir1                       Mon Feb 24 11:10:20 2020

xiongda   ls                            Mon Feb 24 11:10:21 2020

xiongda   upload file1 ffc955a7a4c7c3a87c36dd2e7139202dMon Feb 24 11:10:29 2020

xiongda   upload a.txt dc1e06a591722eb9bb0d31d6a01f9c18Mon Feb 24 11:10:35 2020

xiongda   upload file1 ffc955a7a4c7c3a87c36dd2e7139202dMon Feb 24 11:10:54 2020

xiongda   ls                            Mon Feb 24 11:11:04 2020

xiongda   remove file1                  Mon Feb 24 11:11:12 2020

xiongda   login success                 Mon Feb 24 11:13:26 2020

xiongda   remove file1                  Mon Feb 24 11:13:27 2020

xiongda   login success                 Mon Feb 24 11:26:12 2020

xiongda   ls                            Mon Feb 24 11:26:14 2020

xiongda   pwd                           Mon Feb 24 11:26:16 2020

xiongda   cd dir1                       Mon Feb 24 11:26:26 2020

xiongda   ls                            Mon Feb 24 11:26:26 2020

xiongda   cd dir3                       Mon Feb 24 11:26:38 2020

xiongda   ls                            Mon Feb 24 11:26:39 2020

xiongda   remove file3                  Mon Feb 24 11:26:44 2020

xiongda   login success                 Mon Feb 24 11:27:07 2020

xiongda   cd dir1                       Mon Feb 24 11:27:09 2020

xiongda   cd dir3                       Mon Feb 24 11:27:11 2020

xiongda   ls                            Mon Feb 24 11:27:12 2020

xiongda   upload file1 ffc955a7a4c7c3a87c36dd2e7139202dMon Feb 24 11:27:21 2020

xiongda   download file1                Mon Feb 24 11:27:29 2020

xiongda   ls                            Mon Feb 24 11:27:36 2020

xiongda   download a.txt                Mon Feb 24 11:27:48 2020

xiongda   login success                 Mon Feb 24 11:33:36 2020

xiongda   ls                            Mon Feb 24 11:33:39 2020

xiongda   download a.txt                Mon Feb 24 11:33:49 2020

xiongda   login success                 Mon Feb 24 11:34:29 2020

xiongda   download a.txt                Mon Feb 24 11:34:36 2020

xiongda   login success                 Mon Feb 24 11:35:20 2020

xiongda   download a.txt                Mon Feb 24 11:35:25 2020

xiongda   login success                 Mon Feb 24 11:37:14 2020

xiongda   ls                            Mon Feb 24 11:37:15 2020

xiongda   mkdir dir1                    Mon Feb 24 11:37:22 2020

xiongda   ls                            Mon Feb 24 11:37:25 2020

xiongda   login success                 Mon Feb 24 11:40:09 2020

xiongda   ls                            Mon Feb 24 11:40:11 2020

xiongda   mkdir dir2                    Mon Feb 24 11:40:23 2020

xiongda   cd dir2                       Mon Feb 24 11:40:26 2020

xiongda   ls                            Mon Feb 24 11:40:27 2020

xiongda   upload a.txt dc1e06a591722eb9bb0d31d6a01f9c18Mon Feb 24 11:40:33 2020

xiongda   upload a.txt dc1e06a591722eb9bb0d31d6a01f9c18Mon Feb 24 11:40:39 2020

xiongda   upload file1 ffc955a7a4c7c3a87c36dd2e7139202dMon Feb 24 11:40:51 2020

xiongda   download a.txt                Mon Feb 24 11:41:16 2020

xiongda   login success                 Mon Feb 24 11:43:02 2020

xiongda   ls                            Mon Feb 24 11:43:04 2020

xiongda   cd dir2                       Mon Feb 24 11:43:06 2020

xiongda   ls                            Mon Feb 24 11:43:07 2020

xiongda   remove a.txt                  Mon Feb 24 11:43:31 2020

xiongda   ls                            Mon Feb 24 11:43:38 2020

xiongda   download a.txt                Mon Feb 24 11:43:49 2020

xiongda   upload a.txt dc1e06a591722eb9bb0d31d6a01f9c18Mon Feb 24 11:44:20 2020

xiongda   download a.txt                Mon Feb 24 11:44:33 2020

xiongda   login success                 Mon Feb 24 11:46:04 2020

xiongda   cd dir2                       Mon Feb 24 11:46:13 2020

xiongda   ls                            Mon Feb 24 11:46:14 2020

xiongda   download a.txt                Mon Feb 24 11:46:20 2020

xiongda   login success                 Mon Feb 24 11:51:33 2020

xiongda   cd dir2                       Mon Feb 24 11:51:35 2020

xiongda   ls'                           Mon Feb 24 11:51:37 2020

xiongda   download a.txt                Mon Feb 24 11:51:58 2020

xiongda   ls                            Mon Feb 24 11:52:08 2020

xiongda   download a.txt                Mon Feb 24 11:52:27 2020

xiongda   upload file1 ffc955a7a4c7c3a87c36dd2e7139202dMon Feb 24 11:52:47 2020

xiongda   download file1                Mon Feb 24 11:53:21 2020

xiongda   download file1                Mon Feb 24 11:53:28 2020

xiongda   download file1                Mon Feb 24 11:53:42 2020

xiongda   login success                 Mon Feb 24 11:53:59 2020

xiongda   ls                            Mon Feb 24 11:54:00 2020

xiongda   cd dir2                       Mon Feb 24 11:54:02 2020

xiongda   ls                            Mon Feb 24 11:54:04 2020

xiongda   login success                 Mon Feb 24 11:54:46 2020

xiongda   ls                            Mon Feb 24 11:54:55 2020

xiongda   cd dir2                       Mon Feb 24 11:54:59 2020

xiongda   ls                            Mon Feb 24 11:55:01 2020

xiongda   remove file1                  Mon Feb 24 11:55:11 2020

xiongda   ls                            Mon Feb 24 11:55:12 2020

xiongda   upload file1 ffc955a7a4c7c3a87c36dd2e7139202dMon Feb 24 11:56:34 2020

xiongda   ls                            Mon Feb 24 11:56:35 2020

xiongda   download file1                Mon Feb 24 11:56:40 2020

xiongda   ls                            Mon Feb 24 11:56:47 2020

xiongda   ls                            Mon Feb 24 11:57:33 2020

xiongda   download file1                Mon Feb 24 11:57:39 2020

xiongda   login success                 Mon Feb 24 11:57:55 2020

xiongda   cd dir2                       Mon Feb 24 11:57:59 2020

xiongda   ls                            Mon Feb 24 11:57:59 2020

xiongda   download file1                Mon Feb 24 11:58:07 2020

xiongda   ls                            Mon Feb 24 11:58:12 2020

xiongda   ls                            Mon Feb 24 12:00:35 2020

xiongda   ls                            Mon Feb 24 12:00:46 2020

xiongda   mkdir dir3                    Mon Feb 24 12:00:55 2020

xiongda   ls                            Mon Feb 24 12:00:56 2020

xiongda   cd dir3                       Mon Feb 24 12:00:59 2020

xiongda   ls                            Mon Feb 24 12:01:00 2020

xiongda   pwd                           Mon Feb 24 12:01:03 2020

xiongda   cd ..                         Mon Feb 24 12:01:13 2020

xiongda   cd ..                         Mon Feb 24 12:01:14 2020

xiongda   cd dir2                       Mon Feb 24 12:01:17 2020

xiongda   cd dr3                        Mon Feb 24 12:01:21 2020

xiongda   ls                            Mon Feb 24 12:01:22 2020

xiongda   cd dir2                       Mon Feb 24 12:01:26 2020

xiongda   cd dir2                       Mon Feb 24 12:01:32 2020

xiongda   cd dir3                       Mon Feb 24 12:01:35 2020

xiongda   cd dir2                       Mon Feb 24 12:01:38 2020

xiongda   cd dir2                       Mon Feb 24 12:01:41 2020

xiongda   cd dir3                       Mon Feb 24 12:01:43 2020

xiongda   ls                            Mon Feb 24 12:01:48 2020

xiongda   upload a.txt dc1e06a591722eb9bb0d31d6a01f9c18Mon Feb 24 12:01:56 2020

xiongda   ls                            Mon Feb 24 12:01:58 2020

xiongda   upload file1 ffc955a7a4c7c3a87c36dd2e7139202dMon Feb 24 12:02:07 2020

xiongda   ls                            Mon Feb 24 12:02:09 2020

xiongda   remove file1                  Mon Feb 24 12:02:18 2020

xiongda   remove a.txt                  Mon Feb 24 12:02:25 2020

xiongda   login success                 Mon Feb 24 12:30:09 2020

xiongda   cd dir2                       Mon Feb 24 12:30:13 2020

xiongda   ls                            Mon Feb 24 12:30:14 2020

xiongda   upload file1                  Mon Feb 24 12:30:22 2020

xiongda   ls                            Mon Feb 24 12:30:45 2020

xiongda   upload a.txt                  Mon Feb 24 12:31:36 2020

xiongda   ls                            Mon Feb 24 12:31:38 2020

xiongda   cd dir3                       Mon Feb 24 12:31:41 2020

xiongda   ls                            Mon Feb 24 12:31:42 2020

xiongda   upload a.txt                  Mon Feb 24 12:31:49 2020

xiongda   ls                            Mon Feb 24 12:31:51 2020

xiongda   login success                 Mon Feb 24 12:32:19 2020

xiongda   cd dir2                       Mon Feb 24 12:32:39 2020

xionger   login success                 Mon Feb 24 12:32:40 2020

xiongda   cd dir3                       Mon Feb 24 12:32:41 2020

xiongda   ls                            Mon Feb 24 12:32:42 2020

xionger   ls                            Mon Feb 24 12:32:44 2020

xionger   cd dir1                       Mon Feb 24 12:32:47 2020

xionger   upload a.txt                  Mon Feb 24 12:32:58 2020

xiongda   ls                            Mon Feb 24 12:33:07 2020

xionger   upload file1                  Mon Feb 24 12:33:08 2020

xionger   ls                            Mon Feb 24 12:33:17 2020

xiongda   upload file1                  Mon Feb 24 12:33:19 2020

xionger   download a.txt                Mon Feb 24 12:33:27 2020

xiongda   download a.txt                Mon Feb 24 12:33:34 2020

xiongda   ls                            Mon Feb 24 12:33:47 2020

xionger   ls                            Mon Feb 24 12:33:49 2020

xiongda   upload a.txt                  Mon Feb 24 12:34:15 2020

xionger   ls                            Mon Feb 24 12:34:22 2020

xionger   mkdir dir1                    Mon Feb 24 12:34:27 2020

xionger   ls                            Mon Feb 24 12:34:29 2020

xionger   cd dir1                       Mon Feb 24 12:34:31 2020

xionger   ls                            Mon Feb 24 12:34:32 2020

xionger   upload file1                  Mon Feb 24 12:34:41 2020

xionger   login success                 Mon Feb 24 13:26:38 2020

xionger   ls                            Mon Feb 24 13:26:44 2020

xiongda   login success                 Mon Feb 24 13:26:47 2020

xionger   mkdir dir                     Mon Feb 24 13:26:50 2020

xiongda   mkdir dir                     Mon Feb 24 13:26:54 2020

xiongda   cd dir                        Mon Feb 24 13:27:12 2020

xiongda   mkdir dir1                    Mon Feb 24 13:27:16 2020

xionger   cd dir                        Mon Feb 24 13:27:19 2020

xionger   mkdir dir1                    Mon Feb 24 13:27:23 2020

xionger   ls                            Mon Feb 24 13:27:24 2020

xionger   upload a.txt                  Mon Feb 24 13:27:30 2020

xiongda   ls                            Mon Feb 24 13:27:35 2020

xiongda   cd ddir1                      Mon Feb 24 13:27:38 2020

xiongda   cd dir1                       Mon Feb 24 13:27:40 2020

xionger   ls                            Mon Feb 24 13:28:17 2020

xiongda   upload a.txt                  Mon Feb 24 13:28:23 2020

xiongda   upload file1                  Mon Feb 24 13:28:39 2020

xiongda   ls                            Mon Feb 24 13:29:32 2020

xiongda   ls                            Mon Feb 24 13:30:21 2020

xionger   ls                            Mon Feb 24 13:30:24 2020

xiongda   cd ..                         Mon Feb 24 13:33:18 2020

xiongda   cd ..                         Mon Feb 24 13:33:19 2020

xiongda   cd ..                         Mon Feb 24 13:33:22 2020

xiongda   cd ..                         Mon Feb 24 13:33:25 2020

xiongda   cd ..                         Mon Feb 24 13:33:26 2020

xiongda   cd ..                         Mon Feb 24 13:33:27 2020

xiongda   cd ..                         Mon Feb 24 13:33:28 2020

xiongda   cd ..                         Mon Feb 24 13:33:29 2020

xiongda   cd ..                         Mon Feb 24 13:33:29 2020

xiongda   cd ..                         Mon Feb 24 13:33:31 2020

xionger   cd ..                         Mon Feb 24 13:33:33 2020

xionger   cd ..                         Mon Feb 24 13:33:34 2020

xiongda   cd ..                         Mon Feb 24 13:33:37 2020

xiongda   ls                            Mon Feb 24 15:15:08 2020

xiongda   cd dir1                       Mon Feb 24 15:15:16 2020

xiongda   ls                            Mon Feb 24 15:15:16 2020

xionger   ls                            Mon Feb 24 15:15:20 2020

xionger   cd dir                        Mon Feb 24 15:15:23 2020

xionger   ls                            Mon Feb 24 15:15:24 2020

xionger   cd dir1                       Mon Feb 24 15:15:39 2020

xionger   ls                            Mon Feb 24 15:15:40 2020

xionger   cd ..                         Mon Feb 24 15:15:42 2020

xionger   ls                            Mon Feb 24 15:15:44 2020

xiongda   cd ..                         Mon Feb 24 15:25:02 2020

xiongda   cd ..                         Mon Feb 24 15:25:04 2020

xionger   cd ..                         Mon Feb 24 15:26:32 2020

xionger   ls                            Mon Feb 24 15:26:36 2020

xionger   cd ..                         Mon Feb 24 15:26:39 2020

xionger   cd ..                         Mon Feb 24 15:26:41 2020

xionger   login success                 Mon Feb 24 15:39:26 2020

xiongda   login success                 Mon Feb 24 15:39:27 2020

xiongda   ls                            Mon Feb 24 15:39:38 2020

xionger   ls                            Mon Feb 24 15:39:42 2020

xiongda   cd dir                        Mon Feb 24 15:39:46 2020

xionger   cd dir                        Mon Feb 24 15:39:48 2020

xionger   ls                            Mon Feb 24 15:39:52 2020

xiongda   ls                            Mon Feb 24 15:39:56 2020

xiongda   mkdir dir                     Mon Feb 24 15:40:04 2020

xionger   mkdir dir                     Mon Feb 24 15:40:08 2020

xiongda   ls                            Mon Feb 24 15:40:09 2020

xiongda   cd dir                        Mon Feb 24 15:40:12 2020

xionger   cd dir                        Mon Feb 24 15:40:14 2020

xiongda   mkdir dir1                    Mon Feb 24 15:40:19 2020

xionger   mkdir dir1                    Mon Feb 24 15:40:22 2020

xionger   cd dir1                       Mon Feb 24 15:40:25 2020

xiongda   cd dir1                       Mon Feb 24 15:40:27 2020

xiongda   ls                            Mon Feb 24 15:40:30 2020

xionger   ls                            Mon Feb 24 15:40:33 2020

xiongda   upload a.txt                  Mon Feb 24 15:41:12 2020

xionger   upload a.txt                  Mon Feb 24 15:41:17 2020

xionger   upload file1                  Mon Feb 24 15:41:32 2020

xiongda   upload file1                  Mon Feb 24 15:41:35 2020

xiongda   ls                            Mon Feb 24 15:41:43 2020

xionger   ls                            Mon Feb 24 15:41:45 2020

xionger   cd ..                         Mon Feb 24 15:41:50 2020

xionger   cd ..                         Mon Feb 24 15:41:51 2020

xionger   cd ..                         Mon Feb 24 15:41:52 2020

xiongda   cd ..                         Mon Feb 24 15:41:55 2020

xiongda   cd ..                         Mon Feb 24 15:41:56 2020

xiongda   ls                            Mon Feb 24 15:41:57 2020

xiongda   ls                            Mon Feb 24 15:44:15 2020

xiongda   cd dir                        Mon Feb 24 15:44:19 2020

xiongda   ls                            Mon Feb 24 15:44:20 2020

xiongda   mkdir dir2                    Mon Feb 24 15:44:30 2020

xiongda   cd dir2                       Mon Feb 24 15:44:32 2020

xiongda   upload a.txt                  Mon Feb 24 15:44:39 2020

xionger   ls                            Mon Feb 24 15:44:42 2020

xionger   cd dir                        Mon Feb 24 15:44:44 2020

xionger   ls                            Mon Feb 24 15:44:46 2020

xionger   mkdir dir2                    Mon Feb 24 15:44:50 2020

xionger   mkdir dir2                    Mon Feb 24 15:44:54 2020

xionger   ls                            Mon Feb 24 15:44:57 2020

xionger   remove dir2                   Mon Feb 24 15:45:09 2020

xionger   login success                 Mon Feb 24 15:53:00 2020

xiongda   login success                 Mon Feb 24 15:53:07 2020

xiongda   ls                            Mon Feb 24 15:53:10 2020

xionger   ls                            Mon Feb 24 15:53:12 2020

xionger   mkdir dir                     Mon Feb 24 15:53:17 2020

xiongda   mkdir dir                     Mon Feb 24 15:53:20 2020

xiongda   ls                            Mon Feb 24 15:53:21 2020

xiongda   cd dir                        Mon Feb 24 15:53:24 2020

xionger   cd dir                        Mon Feb 24 15:53:26 2020

xionger   mkdir dir1                    Mon Feb 24 15:53:33 2020

xiongda   mkdir dir1                    Mon Feb 24 15:53:37 2020

xiongda   ls                            Mon Feb 24 15:53:38 2020

xiongda   cd dir1                       Mon Feb 24 15:53:41 2020

xionger   cd dir1                       Mon Feb 24 15:53:43 2020

xionger   upload a.txt                  Mon Feb 24 15:53:48 2020

xiongda   upload a.txt                  Mon Feb 24 15:53:59 2020

xiongda   upload file1                  Mon Feb 24 15:54:35 2020

xionger   upload file1                  Mon Feb 24 15:54:40 2020

xionger   ls                            Mon Feb 24 15:55:12 2020

xiongda   login success                 Mon Feb 24 15:56:26 2020

xionger   login success                 Mon Feb 24 15:56:33 2020

xionger   ls                            Mon Feb 24 15:56:35 2020

xionger   cd dir                        Mon Feb 24 15:56:38 2020

xionger   ls                            Mon Feb 24 15:56:39 2020

xionger   cd dir1                       Mon Feb 24 15:56:41 2020

xionger   cd dir2                       Mon Feb 24 15:56:42 2020

xionger   ls                            Mon Feb 24 15:56:44 2020

xiongda   ls                            Mon Feb 24 15:56:48 2020

xiongda   cd dir                        Mon Feb 24 15:56:50 2020

xiongda   cd dir1                       Mon Feb 24 15:56:52 2020

xiongda   ls                            Mon Feb 24 15:56:52 2020

xionger   download a.txt                Mon Feb 24 16:02:12 2020

xionger   download file1                Mon Feb 24 16:02:18 2020

xionger   download asd                  Mon Feb 24 16:02:26 2020

xionger   over                          Mon Feb 24 16:02:36 2020

xiongda   over                          Mon Feb 24 16:02:41 2020

xiongda   login success                 Mon Feb 24 17:29:07 2020

xiongda   ls                            Mon Feb 24 17:29:09 2020

xiongda   pwd                           Mon Feb 24 17:29:11 2020

xiongda   cd dir1                       Mon Feb 24 17:29:14 2020

xiongda   ls                            Mon Feb 24 17:29:17 2020

xiongda   cd dir                        Mon Feb 24 17:29:20 2020

xiongda   ls                            Mon Feb 24 17:29:20 2020

xiongda   cd dir1                       Mon Feb 24 17:29:23 2020

xiongda   ls                            Mon Feb 24 17:29:24 2020

xiongda   download a.txt                Mon Feb 24 17:29:34 2020

asd       login fail                    Mon Feb 24 17:35:28 2020

asd       login fail                    Mon Feb 24 17:35:30 2020

adsasd    login fail                    Mon Feb 24 17:35:32 2020

s         login fail                    Mon Feb 24 17:35:39 2020

s         login fail                    Mon Feb 24 17:35:40 2020

s         login fail                    Mon Feb 24 17:35:40 2020

sad       login fail                    Mon Feb 24 17:35:44 2020

asd       login fail                    Mon Feb 24 17:35:46 2020

xiongda   login success                 Mon Feb 24 17:35:50 2020

xiongda   login success                 Mon Feb 24 17:54:05 2020

xiongda   ls                            Mon Feb 24 17:54:06 2020

xiongda   pwd                           Mon Feb 24 17:54:09 2020

xiongda   ls                            Mon Feb 24 17:54:11 2020

xiongda   cd dir                        Mon Feb 24 17:54:13 2020

xiongda   ls                            Mon Feb 24 17:54:26 2020

xiongda   cd dir1                       Mon Feb 24 17:54:49 2020

xiongda   ls                            Mon Feb 24 17:54:51 2020

xiongda   download a.txt                Mon Feb 24 17:54:58 2020

xiongda   over                          Mon Feb 24 17:55:01 2020

xiongda   login success                 Mon Feb 24 18:02:19 2020

xiongda   ls                            Mon Feb 24 18:02:21 2020

xiongda   cd dir                        Mon Feb 24 18:02:22 2020

xiongda   cd dir1                       Mon Feb 24 18:02:25 2020

xiongda   ls                            Mon Feb 24 18:02:26 2020

xiongda   download file1                Mon Feb 24 18:02:31 2020

xiongda   login success                 Mon Feb 24 22:18:15 2020

xiongda   ls                            Mon Feb 24 22:18:16 2020

ls        login fail                    Mon Feb 24 22:18:38 2020

xiongda   login success                 Mon Feb 24 22:18:47 2020

xiongda   ls                            Mon Feb 24 22:18:50 2020

xiongda   login success                 Mon Feb 24 22:20:57 2020

xiongda   cd dir                        Mon Feb 24 22:21:00 2020

xiongda   ls                            Mon Feb 24 22:21:02 2020

xiongda   login success                 Mon Feb 24 22:28:42 2020

xiongda   ls                            Mon Feb 24 22:28:44 2020

xiongda   ls                            Mon Feb 24 22:41:38 2020

xiongda   cd dir                        Mon Feb 24 22:41:41 2020

xiongda   ls                            Mon Feb 24 22:41:42 2020

xiongda   cd dir1                       Mon Feb 24 22:41:44 2020

xiongda   ls                            Mon Feb 24 22:41:45 2020

xiongda   login success                 Mon Feb 24 23:22:46 2020

xiongda   cd dir                        Mon Feb 24 23:22:48 2020

xiongda   ls                            Mon Feb 24 23:22:49 2020

xiongda   ls                            Mon Feb 24 23:23:03 2020

xiongda   cd dir1                       Mon Feb 24 23:23:05 2020

xiongda   ls                            Mon Feb 24 23:23:06 2020

xiongda   ls                            Mon Feb 24 23:27:03 2020

xiongda   mkdir dir3                    Mon Feb 24 23:27:09 2020

xiongda   cd dir3                       Mon Feb 24 23:27:12 2020

xiongda   ls                            Mon Feb 24 23:27:57 2020

xiongda   login success                 Mon Feb 24 23:40:15 2020

xiongda   ls                            Mon Feb 24 23:40:16 2020

xiongda   mkdir dir                     Mon Feb 24 23:40:21 2020

xiongda   cd dir                        Mon Feb 24 23:40:22 2020

xiongda   ls                            Mon Feb 24 23:40:40 2020

xiongda   cd ..                         Mon Feb 24 23:40:44 2020

xiongda   ls                            Mon Feb 24 23:40:45 2020

xiongda   cd dir                        Mon Feb 24 23:40:48 2020

xiongda   login success                 Mon Feb 24 23:43:53 2020

xiongda   cd dir                        Mon Feb 24 23:43:55 2020

xiongda   ls                            Mon Feb 24 23:43:56 2020

xiongda   login success                 Mon Feb 24 23:55:50 2020

xiongda   ls                            Mon Feb 24 23:55:52 2020

xiongda   cd dir                        Mon Feb 24 23:55:53 2020

xiongda   ls                            Mon Feb 24 23:55:54 2020

xiongda   upload a.txt                  Mon Feb 24 23:56:01 2020

xiongda   login success                 Mon Feb 24 23:57:31 2020

xiongda   cd dir                        Mon Feb 24 23:57:33 2020

xiongda   ls                            Mon Feb 24 23:57:34 2020

xiongda   cd ..                         Mon Feb 24 23:57:51 2020

xiongda   cd ..                         Mon Feb 24 23:57:53 2020

xiongda   over                          Mon Feb 24 23:57:55 2020

xiongda   login success                 Mon Feb 24 23:58:00 2020

xiongda   ls                            Mon Feb 24 23:58:00 2020

xiongda   mkdir dir                     Mon Feb 24 23:58:05 2020

xiongda   cd dir                        Mon Feb 24 23:58:07 2020

xiongda   upload a.txt                  Mon Feb 24 23:58:11 2020

xiongda   ls                            Mon Feb 24 23:58:16 2020

xiongda   remove a.txt                  Mon Feb 24 23:58:30 2020

xiongda   ls                            Mon Feb 24 23:58:32 2020

xiongda   upload a.txt                  Mon Feb 24 23:58:36 2020

xiongda   cd ..                         Mon Feb 24 23:58:39 2020

xiongda   ls                            Mon Feb 24 23:58:40 2020

xiongda   over                          Mon Feb 24 23:58:52 2020

xiongda   login success                 Tue Feb 25 10:21:06 2020

xiongda   ls                            Tue Feb 25 10:21:08 2020

xiongda   cd dir                        Tue Feb 25 10:21:10 2020

xiongda   ls                            Tue Feb 25 10:21:12 2020

xiongda   remove a.txt                  Tue Feb 25 10:21:23 2020

xiongda   ls                            Tue Feb 25 10:21:25 2020

xiongda   cd ..                         Tue Feb 25 10:21:28 2020

xiongda   cd dir                        Tue Feb 25 10:21:30 2020

xiongda   upload a.txt                  Tue Feb 25 10:21:34 2020

xiongda   ls                            Tue Feb 25 10:21:37 2020

xiongda   mkdir dir2                    Tue Feb 25 10:21:41 2020

xiongda   ls                            Tue Feb 25 10:21:43 2020

xiongda   cd dir2                       Tue Feb 25 10:21:46 2020

xiongda   ls                            Tue Feb 25 10:21:53 2020

xiongda   over                          Tue Feb 25 10:22:08 2020

xiongda   login success                 Tue Feb 25 10:33:40 2020

xiongda   cd dir                        Tue Feb 25 10:33:43 2020

xiongda   ls                            Tue Feb 25 10:33:44 2020

xiongda   cd dir2                       Tue Feb 25 10:33:46 2020

xiongda   cd ..                         Tue Feb 25 10:33:48 2020

xiongda   cd ..                         Tue Feb 25 10:33:49 2020

xiongda   login success                 Tue Feb 25 10:34:27 2020

xiongda   ls                            Tue Feb 25 10:34:28 2020

xiongda   mkdir dir                     Tue Feb 25 10:34:31 2020

xiongda   cd dir                        Tue Feb 25 10:34:33 2020

xiongda   mkdir dir1                    Tue Feb 25 10:34:38 2020

xiongda   cd dir1                       Tue Feb 25 10:34:42 2020

xiongda   ls                            Tue Feb 25 10:34:43 2020

xiongda   upload a.txt                  Tue Feb 25 10:34:48 2020

xiongda   ls                            Tue Feb 25 10:34:50 2020

xiongda   cd ..                         Tue Feb 25 10:34:52 2020

xiongda   cd ..                         Tue Feb 25 10:34:56 2020

xiongda   login success                 Tue Feb 25 10:35:58 2020

xiongda   cd dir                        Tue Feb 25 10:36:00 2020

xiongda   cd dir1                       Tue Feb 25 10:36:01 2020

xiongda   cd ..                         Tue Feb 25 10:36:03 2020

xiongda   cd ..                         Tue Feb 25 10:36:04 2020

xiongda   login success                 Tue Feb 25 10:38:59 2020

xiongda   ls                            Tue Feb 25 10:39:00 2020

xiongda   cd dir                        Tue Feb 25 10:39:14 2020

xiongda   cd ..                         Tue Feb 25 10:39:16 2020

xiongda   login success                 Tue Feb 25 10:41:11 2020

xiongda   cd dir                        Tue Feb 25 10:41:12 2020

xiongda   cd dir1                       Tue Feb 25 10:41:14 2020

xiongda   cd ..                         Tue Feb 25 10:41:15 2020

xiongda   cd ..                         Tue Feb 25 10:41:16 2020

xiongda   login success                 Tue Feb 25 10:42:40 2020

xiongda   cd dir                        Tue Feb 25 10:42:43 2020

xiongda   cd ..                         Tue Feb 25 10:42:45 2020

xiongda   login success                 Tue Feb 25 10:57:57 2020

xiongda   ls                            Tue Feb 25 10:58:00 2020

xiongda   mkdir dir                     Tue Feb 25 10:58:02 2020

xiongda   cd dir                        Tue Feb 25 10:58:04 2020

xiongda   cd ..                         Tue Feb 25 10:58:06 2020

xiongda   login success                 Tue Feb 25 11:02:11 2020

xiongda   cd dir                        Tue Feb 25 11:02:13 2020

xiongda   ls                            Tue Feb 25 11:02:14 2020

xiongda   cd ..                         Tue Feb 25 11:02:16 2020

xiongda   pwd                           Tue Feb 25 11:04:12 2020

xiongda   cd dir                        Tue Feb 25 11:07:05 2020

xiongda   ls                            Tue Feb 25 11:07:06 2020

xiongda   mkdir dir1                    Tue Feb 25 11:07:11 2020

xiongda   cd dir                        Tue Feb 25 11:07:13 2020

xiongda   cd dir1                       Tue Feb 25 11:07:16 2020

xiongda   cd ..                         Tue Feb 25 11:07:29 2020

xiongda   login success                 Tue Feb 25 11:17:36 2020

xiongda   ls                            Tue Feb 25 11:17:38 2020

xiongda   cd dir                        Tue Feb 25 11:17:39 2020

xiongda   cd dir1                       Tue Feb 25 11:17:41 2020

xiongda   ls                            Tue Feb 25 11:17:42 2020

xiongda   cd ..                         Tue Feb 25 11:17:43 2020

xiongda   cd ..                         Tue Feb 25 11:17:44 2020

xiongda   ls                            Tue Feb 25 11:21:42 2020

xiongda   cd dir                        Tue Feb 25 11:21:45 2020

xiongda   cd dir1                       Tue Feb 25 11:21:53 2020

xiongda   login success                 Tue Feb 25 11:25:10 2020

xiongda   ls                            Tue Feb 25 11:25:11 2020

xiongda   cd dir                        Tue Feb 25 11:25:14 2020

xiongda   ls                            Tue Feb 25 11:25:15 2020

xiongda   cd dir1                       Tue Feb 25 11:25:18 2020

xiongda   ls                            Tue Feb 25 11:25:19 2020

xiongda   cd ..                         Tue Feb 25 11:25:22 2020

xiongda   ls                            Tue Feb 25 11:25:23 2020

xiongda   upload a.txt                  Tue Feb 25 11:25:47 2020

xiongda   ls                            Tue Feb 25 11:25:50 2020

ls        login fail                    Tue Feb 25 11:37:16 2020

ls        login fail                    Tue Feb 25 11:37:19 2020

pwd       login fail                    Tue Feb 25 11:37:21 2020

xiongda   login success                 Tue Feb 25 11:37:25 2020

xiongda   ls                            Tue Feb 25 11:37:26 2020

xiongda   cd dir                        Tue Feb 25 11:37:28 2020

xiongda   ls                            Tue Feb 25 11:37:29 2020

xiongda   cd dir1                       Tue Feb 25 11:37:31 2020

xiongda   ls                            Tue Feb 25 11:37:33 2020

xiongda   cd ..                         Tue Feb 25 11:37:34 2020

xiongda   ls                            Tue Feb 25 11:37:36 2020

xiongda   cd dir1                       Tue Feb 25 11:37:39 2020

xiongda   ls                            Tue Feb 25 11:37:41 2020

xiongda   ls                            Tue Feb 25 11:37:59 2020

xiongda   ls                            Tue Feb 25 11:38:01 2020

xiongda   pwd                           Tue Feb 25 11:38:03 2020

xiongda   download a.txt                Tue Feb 25 11:38:08 2020

xiongda   download 123                  Tue Feb 25 11:38:24 2020

xiongda   download a.txt                Tue Feb 25 11:38:31 2020

xiongda   cd ..                         Tue Feb 25 11:38:34 2020

xiongda   ls                            Tue Feb 25 11:38:35 2020

xiongda   download a.txt                Tue Feb 25 11:38:40 2020

xiongda   ls                            Tue Feb 25 11:38:44 2020

xiongda   cd ..                         Tue Feb 25 11:38:50 2020

xiongda   ls                            Tue Feb 25 11:38:52 2020

xiongda   pwd                           Tue Feb 25 11:38:53 2020

xiongda   mkdir hahaha                  Tue Feb 25 11:39:00 2020

xiongda   ls                            Tue Feb 25 11:39:12 2020

xiongda   remove hahah                  Tue Feb 25 11:39:23 2020

xiongda   ls                            Tue Feb 25 11:39:30 2020

xiongda   remove hahah                  Tue Feb 25 11:39:36 2020

xiongda   ls                            Tue Feb 25 11:39:38 2020

xiongda   cd dir                        Tue Feb 25 11:39:42 2020

xiongda   ls                            Tue Feb 25 11:39:43 2020

xiongda   remove a.txt                  Tue Feb 25 11:39:48 2020

xiongda   ls                            Tue Feb 25 11:39:49 2020

xiongda   upload a.txt                  Tue Feb 25 11:39:54 2020

xiongda   ls                            Tue Feb 25 11:39:58 2020

xiongda   login success                 Tue Feb 25 11:41:40 2020

xiongda   ls                            Tue Feb 25 11:41:41 2020

xiongda   cd dir                        Tue Feb 25 11:41:43 2020

xiongda   ls                            Tue Feb 25 11:41:44 2020

xiongda   cd dir1                       Tue Feb 25 11:41:50 2020

xiongda   cd ..                         Tue Feb 25 11:41:51 2020

xiongda   cd ..                         Tue Feb 25 11:42:10 2020

xiongda   cd ..                         Tue Feb 25 11:42:12 2020

xiongda   cd ..                         Tue Feb 25 11:42:13 2020

xiongda   cd ..                         Tue Feb 25 11:42:14 2020

xiongda   cd ..                         Tue Feb 25 11:42:15 2020

xiongda   cd ..                         Tue Feb 25 11:42:16 2020

xiongda   cd ..                         Tue Feb 25 11:43:42 2020

xiongda   ls                            Tue Feb 25 11:43:43 2020

xiongda   login success                 Mon Apr  6 18:20:29 2020

xiongda   ls                            Mon Apr  6 18:20:32 2020

xiongda   upload a.txt                  Mon Apr  6 18:20:50 2020

xiongda   download a.txt                Mon Apr  6 18:21:18 2020

xiongda   login success                 Tue Apr  7 16:23:25 2020

xiongda   ls                            Tue Apr  7 16:23:26 2020

xiongda   ls                            Tue Apr  7 16:23:33 2020

xiongda   cd dir                        Tue Apr  7 16:23:46 2020

xiongda   ls                            Tue Apr  7 16:23:51 2020

xiongda   download a.txt                Tue Apr  7 16:24:15 2020

xiongda   ls                            Tue Apr  7 16:24:17 2020

xiongda   download b.txt                Tue Apr  7 16:24:38 2020

xiongda   ls                            Tue Apr  7 16:24:40 2020

xiongda   download b.txt                Tue Apr  7 16:24:51 2020

xiongda   login success                 Tue Apr  7 16:25:18 2020

xiongda   ls                            Tue Apr  7 16:25:19 2020

xiongda   cd dir                        Tue Apr  7 16:25:21 2020

xiongda   download a.txt                Tue Apr  7 16:25:25 2020

xiongda   download a.txt                Tue Apr  7 16:25:32 2020

xiongda   download b.txt                Tue Apr  7 16:25:45 2020

xiongda   login success                 Tue Apr  7 16:45:10 2020

xiongda   ls                            Tue Apr  7 16:45:11 2020

xiongda   cd dir                        Tue Apr  7 16:45:13 2020

xiongda   ls                            Tue Apr  7 16:45:14 2020

xiongda   download a.txt                Tue Apr  7 16:45:19 2020

xiongda   upload a.txt                  Tue Apr  7 16:45:25 2020

xiongda   cd ..                         Tue Apr  7 16:45:30 2020

xiongda   ls                            Tue Apr  7 16:45:31 2020

xiongda   cd dir1                       Tue Apr  7 16:45:33 2020

xiongda   ls                            Tue Apr  7 16:45:34 2020

xiongda   cd ..                         Tue Apr  7 16:45:37 2020

xiongda   ls                            Tue Apr  7 16:45:39 2020

xiongda   cd dir                        Tue Apr  7 16:45:41 2020

xiongda   ls                            Tue Apr  7 16:45:42 2020

xiongda   cd ..                         Tue Apr  7 16:45:44 2020

xiongda   cd dir1                       Tue Apr  7 16:45:46 2020

xiongda   ls                            Tue Apr  7 16:45:46 2020

xiongda   remove a.txt                  Tue Apr  7 16:46:22 2020

xiongda   upload a.txt                  Tue Apr  7 16:46:26 2020

